2025-02-27T13:43:40.276+05:30  INFO 22956 --- [EmployeePayrollApp] [restartedMain] c.b.E.EmployeePayrollAppApplication      : Starting EmployeePayrollAppApplication using Java 17.0.8 with PID 22956 (F:\Spring-EmployeePayrollApp\EmployeePayrollApp\target\classes started by Ojas Johar in F:\Spring-EmployeePayrollApp\EmployeePayrollApp)
2025-02-27T13:43:40.285+05:30 DEBUG 22956 --- [EmployeePayrollApp] [restartedMain] c.b.E.EmployeePayrollAppApplication      : Running with Spring Boot v3.4.3, Spring v6.2.3
2025-02-27T13:43:40.287+05:30  INFO 22956 --- [EmployeePayrollApp] [restartedMain] c.b.E.EmployeePayrollAppApplication      : No active profile set, falling back to 1 default profile: "default"
2025-02-27T13:43:46.473+05:30  WARN 22956 --- [EmployeePayrollApp] [restartedMain] JpaBaseConfiguration$JpaWebConfiguration : spring.jpa.open-in-view is enabled by default. Therefore, database queries may be performed during view rendering. Explicitly configure spring.jpa.open-in-view to disable this warning
2025-02-27T13:43:47.047+05:30  WARN 22956 --- [EmployeePayrollApp] [restartedMain] ion$DefaultTemplateResolverConfiguration : Cannot find template location: classpath:/templates/ (please add some templates, check your Thymeleaf configuration, or set spring.thymeleaf.check-template-location=false)
2025-02-27T13:43:47.423+05:30  INFO 22956 --- [EmployeePayrollApp] [restartedMain] c.b.E.EmployeePayrollAppApplication      : Started EmployeePayrollAppApplication in 8.069 seconds (process running for 9.142)
2025-02-27T13:44:55.415+05:30  INFO 28496 --- [EmployeePayrollApp] [restartedMain] c.b.E.EmployeePayrollAppApplication      : Starting EmployeePayrollAppApplication using Java 17.0.8 with PID 28496 (F:\Spring-EmployeePayrollApp\EmployeePayrollApp\target\classes started by Ojas Johar in F:\Spring-EmployeePayrollApp\EmployeePayrollApp)
2025-02-27T13:44:55.422+05:30 DEBUG 28496 --- [EmployeePayrollApp] [restartedMain] c.b.E.EmployeePayrollAppApplication      : Running with Spring Boot v3.4.3, Spring v6.2.3
2025-02-27T13:44:55.425+05:30  INFO 28496 --- [EmployeePayrollApp] [restartedMain] c.b.E.EmployeePayrollAppApplication      : No active profile set, falling back to 1 default profile: "default"
2025-02-27T13:45:01.678+05:30  WARN 28496 --- [EmployeePayrollApp] [restartedMain] JpaBaseConfiguration$JpaWebConfiguration : spring.jpa.open-in-view is enabled by default. Therefore, database queries may be performed during view rendering. Explicitly configure spring.jpa.open-in-view to disable this warning
2025-02-27T13:45:02.183+05:30  WARN 28496 --- [EmployeePayrollApp] [restartedMain] ion$DefaultTemplateResolverConfiguration : Cannot find template location: classpath:/templates/ (please add some templates, check your Thymeleaf configuration, or set spring.thymeleaf.check-template-location=false)
2025-02-27T13:45:02.558+05:30  INFO 28496 --- [EmployeePayrollApp] [restartedMain] c.b.E.EmployeePayrollAppApplication      : Started EmployeePayrollAppApplication in 8.085 seconds (process running for 9.183)
2025-02-27T13:46:05.200+05:30  INFO 31980 --- [EmployeePayrollApp] [restartedMain] c.b.E.EmployeePayrollAppApplication      : Starting EmployeePayrollAppApplication using Java 17.0.8 with PID 31980 (F:\Spring-EmployeePayrollApp\EmployeePayrollApp\target\classes started by Ojas Johar in F:\Spring-EmployeePayrollApp\EmployeePayrollApp)
2025-02-27T13:46:05.207+05:30 DEBUG 31980 --- [EmployeePayrollApp] [restartedMain] c.b.E.EmployeePayrollAppApplication      : Running with Spring Boot v3.4.3, Spring v6.2.3
2025-02-27T13:46:05.210+05:30  INFO 31980 --- [EmployeePayrollApp] [restartedMain] c.b.E.EmployeePayrollAppApplication      : No active profile set, falling back to 1 default profile: "default"
2025-02-27T13:46:11.813+05:30  WARN 31980 --- [EmployeePayrollApp] [restartedMain] JpaBaseConfiguration$JpaWebConfiguration : spring.jpa.open-in-view is enabled by default. Therefore, database queries may be performed during view rendering. Explicitly configure spring.jpa.open-in-view to disable this warning
2025-02-27T13:46:12.341+05:30  WARN 31980 --- [EmployeePayrollApp] [restartedMain] ion$DefaultTemplateResolverConfiguration : Cannot find template location: classpath:/templates/ (please add some templates, check your Thymeleaf configuration, or set spring.thymeleaf.check-template-location=false)
2025-02-27T13:46:12.666+05:30  INFO 31980 --- [EmployeePayrollApp] [restartedMain] c.b.E.EmployeePayrollAppApplication      : Started EmployeePayrollAppApplication in 8.323 seconds (process running for 9.345)
2025-02-27T13:46:12.671+05:30  INFO 31980 --- [EmployeePayrollApp] [restartedMain] c.b.E.EmployeePayrollAppApplication      : Employee Payroll App Started
2025-02-27T15:36:34.933+05:30  INFO 21868 --- [EmployeePayrollApp] [restartedMain] c.b.E.EmployeePayrollAppApplication      : Starting EmployeePayrollAppApplication using Java 17.0.8 with PID 21868 (F:\Spring-EmployeePayrollApp\EmployeePayrollApp\target\classes started by Ojas Johar in F:\Spring-EmployeePayrollApp\EmployeePayrollApp)
2025-02-27T15:36:35.063+05:30 DEBUG 21868 --- [EmployeePayrollApp] [restartedMain] c.b.E.EmployeePayrollAppApplication      : Running with Spring Boot v3.4.3, Spring v6.2.3
2025-02-27T15:36:35.066+05:30  INFO 21868 --- [EmployeePayrollApp] [restartedMain] c.b.E.EmployeePayrollAppApplication      : No active profile set, falling back to 1 default profile: "default"
2025-02-27T15:36:40.991+05:30  WARN 21868 --- [EmployeePayrollApp] [restartedMain] JpaBaseConfiguration$JpaWebConfiguration : spring.jpa.open-in-view is enabled by default. Therefore, database queries may be performed during view rendering. Explicitly configure spring.jpa.open-in-view to disable this warning
2025-02-27T15:36:41.536+05:30  WARN 21868 --- [EmployeePayrollApp] [restartedMain] ion$DefaultTemplateResolverConfiguration : Cannot find template location: classpath:/templates/ (please add some templates, check your Thymeleaf configuration, or set spring.thymeleaf.check-template-location=false)
2025-02-27T15:36:41.880+05:30  INFO 21868 --- [EmployeePayrollApp] [restartedMain] c.b.E.EmployeePayrollAppApplication      : Started EmployeePayrollAppApplication in 7.897 seconds (process running for 9.046)
2025-02-27T15:36:41.886+05:30  INFO 21868 --- [EmployeePayrollApp] [restartedMain] c.b.E.EmployeePayrollAppApplication      : Employee Payroll App Started
