2025-03-01T11:02:07.902+05:30  INFO 5196 --- [EmployeePayrollApp] [restartedMain] c.b.E.EmployeePayrollAppApplication      : Starting EmployeePayrollAppApplication using Java 17.0.8 with PID 5196 (F:\Spring-EmployeePayrollApp\EmployeePayrollApp\target\classes started by Ojas Johar in F:\Spring-EmployeePayrollApp\EmployeePayrollApp)
2025-03-01T11:02:07.917+05:30 DEBUG 5196 --- [EmployeePayrollApp] [restartedMain] c.b.E.EmployeePayrollAppApplication      : Running with Spring Boot v3.4.3, Spring v6.2.3
2025-03-01T11:02:07.919+05:30  INFO 5196 --- [EmployeePayrollApp] [restartedMain] c.b.E.EmployeePayrollAppApplication      : The following 1 profile is active: "dev"
2025-03-01T11:02:14.641+05:30 ERROR 5196 --- [EmployeePayrollApp] [restartedMain] o.h.engine.jdbc.spi.SqlExceptionHelper   : Access denied for user 'payrolluser'@'%' to database 'payroll_service'
2025-03-01T11:02:15.433+05:30  WARN 5196 --- [EmployeePayrollApp] [restartedMain] JpaBaseConfiguration$JpaWebConfiguration : spring.jpa.open-in-view is enabled by default. Therefore, database queries may be performed during view rendering. Explicitly configure spring.jpa.open-in-view to disable this warning
2025-03-01T11:02:15.997+05:30  WARN 5196 --- [EmployeePayrollApp] [restartedMain] ion$DefaultTemplateResolverConfiguration : Cannot find template location: classpath:/templates/ (please add some templates, check your Thymeleaf configuration, or set spring.thymeleaf.check-template-location=false)
2025-03-01T11:02:16.394+05:30  INFO 5196 --- [EmployeePayrollApp] [restartedMain] c.b.E.EmployeePayrollAppApplication      : Started EmployeePayrollAppApplication in 9.449 seconds (process running for 10.468)
2025-03-01T11:02:16.400+05:30  INFO 5196 --- [EmployeePayrollApp] [restartedMain] c.b.E.EmployeePayrollAppApplication      : Employee Payroll App Started in DEV Environment
2025-03-01T11:02:16.400+05:30  INFO 5196 --- [EmployeePayrollApp] [restartedMain] c.b.E.EmployeePayrollAppApplication      : Employee Payroll DB User is payrolluser 
2025-03-01T12:00:35.881+05:30  INFO 1744 --- [EmployeePayrollApp] [restartedMain] c.b.E.EmployeePayrollAppApplication      : Starting EmployeePayrollAppApplication using Java 17.0.8 with PID 1744 (F:\Spring-EmployeePayrollApp\EmployeePayrollApp\target\classes started by Ojas Johar in F:\Spring-EmployeePayrollApp\EmployeePayrollApp)
2025-03-01T12:00:35.953+05:30 DEBUG 1744 --- [EmployeePayrollApp] [restartedMain] c.b.E.EmployeePayrollAppApplication      : Running with Spring Boot v3.4.3, Spring v6.2.3
2025-03-01T12:00:35.955+05:30  INFO 1744 --- [EmployeePayrollApp] [restartedMain] c.b.E.EmployeePayrollAppApplication      : The following 1 profile is active: "dev"
2025-03-01T12:00:42.627+05:30 ERROR 1744 --- [EmployeePayrollApp] [restartedMain] o.h.engine.jdbc.spi.SqlExceptionHelper   : Access denied for user 'payrolluser'@'%' to database 'payroll_service'
2025-03-01T12:00:43.375+05:30  WARN 1744 --- [EmployeePayrollApp] [restartedMain] JpaBaseConfiguration$JpaWebConfiguration : spring.jpa.open-in-view is enabled by default. Therefore, database queries may be performed during view rendering. Explicitly configure spring.jpa.open-in-view to disable this warning
2025-03-01T12:00:44.022+05:30  WARN 1744 --- [EmployeePayrollApp] [restartedMain] ion$DefaultTemplateResolverConfiguration : Cannot find template location: classpath:/templates/ (please add some templates, check your Thymeleaf configuration, or set spring.thymeleaf.check-template-location=false)
2025-03-01T12:00:44.625+05:30  INFO 1744 --- [EmployeePayrollApp] [restartedMain] c.b.E.EmployeePayrollAppApplication      : Started EmployeePayrollAppApplication in 9.756 seconds (process running for 11.554)
2025-03-01T12:00:44.634+05:30  INFO 1744 --- [EmployeePayrollApp] [restartedMain] c.b.E.EmployeePayrollAppApplication      : Employee Payroll App Started in DEV Environment
2025-03-01T12:00:44.635+05:30  INFO 1744 --- [EmployeePayrollApp] [restartedMain] c.b.E.EmployeePayrollAppApplication      : Employee Payroll DB User is payrolluser 
2025-03-01T12:07:00.798+05:30  INFO 26056 --- [EmployeePayrollApp] [restartedMain] c.b.E.EmployeePayrollAppApplication      : Starting EmployeePayrollAppApplication using Java 17.0.8 with PID 26056 (F:\Spring-EmployeePayrollApp\EmployeePayrollApp\target\classes started by Ojas Johar in F:\Spring-EmployeePayrollApp\EmployeePayrollApp)
2025-03-01T12:07:00.805+05:30 DEBUG 26056 --- [EmployeePayrollApp] [restartedMain] c.b.E.EmployeePayrollAppApplication      : Running with Spring Boot v3.4.3, Spring v6.2.3
2025-03-01T12:07:00.806+05:30  INFO 26056 --- [EmployeePayrollApp] [restartedMain] c.b.E.EmployeePayrollAppApplication      : The following 1 profile is active: "dev"
2025-03-01T12:07:06.848+05:30 ERROR 26056 --- [EmployeePayrollApp] [restartedMain] o.h.engine.jdbc.spi.SqlExceptionHelper   : Access denied for user 'payrolluser'@'%' to database 'payroll_service'
2025-03-01T12:07:07.638+05:30  WARN 26056 --- [EmployeePayrollApp] [restartedMain] JpaBaseConfiguration$JpaWebConfiguration : spring.jpa.open-in-view is enabled by default. Therefore, database queries may be performed during view rendering. Explicitly configure spring.jpa.open-in-view to disable this warning
2025-03-01T12:07:08.219+05:30  WARN 26056 --- [EmployeePayrollApp] [restartedMain] ion$DefaultTemplateResolverConfiguration : Cannot find template location: classpath:/templates/ (please add some templates, check your Thymeleaf configuration, or set spring.thymeleaf.check-template-location=false)
2025-03-01T12:07:08.546+05:30  INFO 26056 --- [EmployeePayrollApp] [restartedMain] c.b.E.EmployeePayrollAppApplication      : Started EmployeePayrollAppApplication in 8.691 seconds (process running for 9.626)
2025-03-01T12:07:08.553+05:30  INFO 26056 --- [EmployeePayrollApp] [restartedMain] c.b.E.EmployeePayrollAppApplication      : Employee Payroll App Started in DEV Environment
2025-03-01T12:07:08.554+05:30  INFO 26056 --- [EmployeePayrollApp] [restartedMain] c.b.E.EmployeePayrollAppApplication      : Employee Payroll DB User is payrolluser 
2025-03-01T12:17:54.233+05:30  INFO 28164 --- [EmployeePayrollApp] [restartedMain] c.b.E.EmployeePayrollAppApplication      : Starting EmployeePayrollAppApplication using Java 17.0.8 with PID 28164 (F:\Spring-EmployeePayrollApp\EmployeePayrollApp\target\classes started by Ojas Johar in F:\Spring-EmployeePayrollApp\EmployeePayrollApp)
2025-03-01T12:17:54.239+05:30 DEBUG 28164 --- [EmployeePayrollApp] [restartedMain] c.b.E.EmployeePayrollAppApplication      : Running with Spring Boot v3.4.3, Spring v6.2.3
2025-03-01T12:17:54.241+05:30  INFO 28164 --- [EmployeePayrollApp] [restartedMain] c.b.E.EmployeePayrollAppApplication      : The following 1 profile is active: "dev"
2025-03-01T12:18:00.222+05:30 ERROR 28164 --- [EmployeePayrollApp] [restartedMain] o.h.engine.jdbc.spi.SqlExceptionHelper   : Access denied for user 'payrolluser'@'%' to database 'payroll_service'
2025-03-01T12:18:01.300+05:30  WARN 28164 --- [EmployeePayrollApp] [restartedMain] JpaBaseConfiguration$JpaWebConfiguration : spring.jpa.open-in-view is enabled by default. Therefore, database queries may be performed during view rendering. Explicitly configure spring.jpa.open-in-view to disable this warning
2025-03-01T12:18:01.877+05:30  WARN 28164 --- [EmployeePayrollApp] [restartedMain] ion$DefaultTemplateResolverConfiguration : Cannot find template location: classpath:/templates/ (please add some templates, check your Thymeleaf configuration, or set spring.thymeleaf.check-template-location=false)
2025-03-01T12:18:02.246+05:30  INFO 28164 --- [EmployeePayrollApp] [restartedMain] c.b.E.EmployeePayrollAppApplication      : Started EmployeePayrollAppApplication in 8.938 seconds (process running for 9.831)
2025-03-01T12:18:02.252+05:30  INFO 28164 --- [EmployeePayrollApp] [restartedMain] c.b.E.EmployeePayrollAppApplication      : Employee Payroll App Started in DEV Environment
2025-03-01T12:18:02.253+05:30  INFO 28164 --- [EmployeePayrollApp] [restartedMain] c.b.E.EmployeePayrollAppApplication      : Employee Payroll DB User is payrolluser 
2025-03-01T12:26:43.841+05:30  INFO 32528 --- [EmployeePayrollApp] [restartedMain] c.b.E.EmployeePayrollAppApplication      : Starting EmployeePayrollAppApplication using Java 17.0.8 with PID 32528 (F:\Spring-EmployeePayrollApp\EmployeePayrollApp\target\classes started by Ojas Johar in F:\Spring-EmployeePayrollApp\EmployeePayrollApp)
2025-03-01T12:26:43.846+05:30 DEBUG 32528 --- [EmployeePayrollApp] [restartedMain] c.b.E.EmployeePayrollAppApplication      : Running with Spring Boot v3.4.3, Spring v6.2.3
2025-03-01T12:26:43.848+05:30  INFO 32528 --- [EmployeePayrollApp] [restartedMain] c.b.E.EmployeePayrollAppApplication      : The following 1 profile is active: "dev"
2025-03-01T12:26:49.622+05:30 ERROR 32528 --- [EmployeePayrollApp] [restartedMain] o.h.engine.jdbc.spi.SqlExceptionHelper   : Access denied for user 'payrolluser'@'%' to database 'payroll_service'
2025-03-01T12:26:50.331+05:30  WARN 32528 --- [EmployeePayrollApp] [restartedMain] JpaBaseConfiguration$JpaWebConfiguration : spring.jpa.open-in-view is enabled by default. Therefore, database queries may be performed during view rendering. Explicitly configure spring.jpa.open-in-view to disable this warning
2025-03-01T12:26:50.879+05:30  WARN 32528 --- [EmployeePayrollApp] [restartedMain] ion$DefaultTemplateResolverConfiguration : Cannot find template location: classpath:/templates/ (please add some templates, check your Thymeleaf configuration, or set spring.thymeleaf.check-template-location=false)
2025-03-01T12:26:51.221+05:30  INFO 32528 --- [EmployeePayrollApp] [restartedMain] c.b.E.EmployeePayrollAppApplication      : Started EmployeePayrollAppApplication in 8.313 seconds (process running for 9.219)
2025-03-01T12:26:51.228+05:30  INFO 32528 --- [EmployeePayrollApp] [restartedMain] c.b.E.EmployeePayrollAppApplication      : Employee Payroll App Started in DEV Environment
2025-03-01T12:26:51.229+05:30  INFO 32528 --- [EmployeePayrollApp] [restartedMain] c.b.E.EmployeePayrollAppApplication      : Employee Payroll DB User is payrolluser 
2025-03-01T12:26:59.777+05:30  WARN 32528 --- [EmployeePayrollApp] [http-nio-8080-exec-2] .w.s.m.s.DefaultHandlerExceptionResolver : Resolved [org.springframework.http.converter.HttpMessageNotReadableException: JSON parse error: Cannot construct instance of `java.util.ArrayList` (although at least one Creator exists): no String-argument constructor/factory method to deserialize from String value ('IT')]
2025-03-01T12:27:14.471+05:30  WARN 32528 --- [EmployeePayrollApp] [http-nio-8080-exec-5] .w.s.m.s.DefaultHandlerExceptionResolver : Resolved [org.springframework.http.converter.HttpMessageNotReadableException: JSON parse error: Cannot construct instance of `java.util.ArrayList` (although at least one Creator exists): no String-argument constructor/factory method to deserialize from String value ('IT')]
